<?xml version="1.0" encoding="UTF-8"?>
<!-- Generated by org.testng.reporters.JUnitReportReporter -->
<testsuite hostname="Viktors" name="OtherClasses.BasicCalculatorTest" tests="4" failures="0" timestamp="7 Nov 2016 14:41:45 GMT" time="5.342" errors="0">
  <testcase name="testAdd" time="0.334" classname="OtherClasses.BasicCalculatorTest"/>
  <testcase name="testMultiply" time="0.084" classname="OtherClasses.BasicCalculatorTest"/>
  <testcase name="testSubtract" time="0.093" classname="OtherClasses.BasicCalculatorTest"/>
  <testcase name="testDivide" time="4.831" classname="OtherClasses.BasicCalculatorTest"/>
</testsuite> <!-- OtherClasses.BasicCalculatorTest -->
