<?xml version="1.0" encoding="UTF-8"?>
<!-- Generated by org.testng.reporters.JUnitReportReporter -->
<testsuite hostname="Viktors" name="OtherClasses.AdvancedCalculatorTest" tests="6" failures="0" timestamp="7 Nov 2016 14:41:45 GMT" time="0.508" errors="0">
  <testcase name="testMyMAX" time="0.099" classname="OtherClasses.AdvancedCalculatorTest"/>
  <testcase name="testMyAbs" time="0.158" classname="OtherClasses.AdvancedCalculatorTest"/>
  <testcase name="testMyRound" time="0.117" classname="OtherClasses.AdvancedCalculatorTest"/>
  <testcase name="testMyPI" time="0.002" classname="OtherClasses.AdvancedCalculatorTest"/>
  <testcase name="testMyMIN" time="0.079" classname="OtherClasses.AdvancedCalculatorTest"/>
  <testcase name="testMyFloor" time="0.053" classname="OtherClasses.AdvancedCalculatorTest"/>
</testsuite> <!-- OtherClasses.AdvancedCalculatorTest -->
