<?xml version="1.0" encoding="UTF-8"?>
<!-- Generated by org.testng.reporters.JUnitReportReporter -->
<testsuite hostname="Viktors" name="Main.MainTest" tests="1" failures="0" timestamp="7 Nov 2016 14:41:45 GMT" time="0.243" errors="0">
  <testcase name="test" time="0.243" classname="Main.MainTest"/>
</testsuite> <!-- Main.MainTest -->
