<?xml version="1.0" encoding="UTF-8"?>
<!-- Generated by org.testng.reporters.JUnitReportReporter -->
<testsuite hostname="DESKTOP-EE0984M" name="OtherClasses.AdvancedCalculatorTest" tests="6" failures="0" timestamp="7 Nov 2016 14:21:56 GMT" time="0.212" errors="0">
  <testcase name="testMyMAX" time="0.011" classname="OtherClasses.AdvancedCalculatorTest"/>
  <testcase name="testMyAbs" time="0.092" classname="OtherClasses.AdvancedCalculatorTest"/>
  <testcase name="testMyRound" time="0.086" classname="OtherClasses.AdvancedCalculatorTest"/>
  <testcase name="testMyPI" time="0.000" classname="OtherClasses.AdvancedCalculatorTest"/>
  <testcase name="testMyMIN" time="0.011" classname="OtherClasses.AdvancedCalculatorTest"/>
  <testcase name="testMyFloor" time="0.012" classname="OtherClasses.AdvancedCalculatorTest"/>
</testsuite> <!-- OtherClasses.AdvancedCalculatorTest -->
