<?xml version="1.0" encoding="UTF-8"?>
<!-- Generated by org.testng.reporters.JUnitReportReporter -->
<testsuite hostname="DESKTOP-EE0984M" name="OtherClasses.BasicCalculatorTest" tests="4" failures="0" timestamp="7 Nov 2016 14:21:56 GMT" time="14.853" errors="0">
  <testcase name="testAdd" time="0.125" classname="OtherClasses.BasicCalculatorTest"/>
  <testcase name="testMultiply" time="0.031" classname="OtherClasses.BasicCalculatorTest"/>
  <testcase name="testSubtract" time="0.035" classname="OtherClasses.BasicCalculatorTest"/>
  <testcase name="testDivide" time="14.662" classname="OtherClasses.BasicCalculatorTest"/>
</testsuite> <!-- OtherClasses.BasicCalculatorTest -->
